<?xml version="1.0" encoding="UTF-8"?>
<testsuite xmlns:xsi="http://www.w3.org/2001/XMLSchema-instance" xsi:noNamespaceSchemaLocation="https://maven.apache.org/surefire/maven-surefire-plugin/xsd/surefire-test-report-3.0.xsd" version="3.0" name="coit12200.studentdetails.GradeAnalyserTest" time="0.047" tests="22" errors="0" skipped="0" failures="0">
  <properties>
[...]
</properties>
  <testcase name="medianMarkValidTest" classname="coit12200.studentdetails.GradeAnalyserTest" time="0.004"/>
  <testcase name="gradeAnalyserGetOrderedListWithStudentListTest" classname="coit12200.studentdetails.GradeAnalyserTest" time="0.001"/>
  <testcase name="minimumNegativeTest" classname="coit12200.studentdetails.GradeAnalyserTest" time="0.001"/>
  <testcase name="maximumNegativeTest" classname="coit12200.studentdetails.GradeAnalyserTest" time="0.001"/>
  <testcase name="findWhenEmptyIDTest" classname="coit12200.studentdetails.GradeAnalyserTest" time="0.004"/>
  <testcase name="medianNegativeTest" classname="coit12200.studentdetails.GradeAnalyserTest" time="0.001"/>
  <testcase name="findWhenFoundTest" classname="coit12200.studentdetails.GradeAnalyserTest" time="0.001"/>
  <testcase name="averageNegativeTest" classname="coit12200.studentdetails.GradeAnalyserTest" time="0.001"/>
  <testcase name="averageMarkEmptyTest" classname="coit12200.studentdetails.GradeAnalyserTest" time="0.001"/>
  <testcase name="findWhenDuplicateIDTest" classname="coit12200.studentdetails.GradeAnalyserTest" time="0.001"/>
  <testcase name="averageMarkValidTest" classname="coit12200.studentdetails.GradeAnalyserTest" time="0.001"/>
  <testcase name="getStudentRecordInRangeEmptyTest" classname="coit12200.studentdetails.GradeAnalyserTest" time="0.002"/>
  <testcase name="getStudentRecordInRangeNegativeTest" classname="coit12200.studentdetails.GradeAnalyserTest" time="0.001"/>
  <testcase name="getStudentRecordInRangeValidTest" classname="coit12200.studentdetails.GradeAnalyserTest" time="0.001"/>
  <testcase name="minimumEmptyTest" classname="coit12200.studentdetails.GradeAnalyserTest" time="0.001"/>
  <testcase name="maximumEmptyTest" classname="coit12200.studentdetails.GradeAnalyserTest" time="0.002"/>
  <testcase name="minimumValidTest" classname="coit12200.studentdetails.GradeAnalyserTest" time="0.001"/>
  <testcase name="maximumValidTest" classname="coit12200.studentdetails.GradeAnalyserTest" time="0.001"/>
  <testcase name="gradeAnalyserGetOrderedListWithDataSetTest" classname="coit12200.studentdetails.GradeAnalyserTest" time="0.001"/>
  <testcase name="medianMarkEmptyTest" classname="coit12200.studentdetails.GradeAnalyserTest" time="0.001"/>
  <testcase name="getStudentRecordInRangeInvalidTest" classname="coit12200.studentdetails.GradeAnalyserTest" time="0.0"/>
  <testcase name="findWhenNotFoundTest" classname="coit12200.studentdetails.GradeAnalyserTest" time="0.001"/>
</testsuite>